<?xml version="1.0" encoding="UTF-8"?>
<!-- Generated by org.testng.reporters.JUnitReportReporter -->
<testsuite hostname="My-PC" name="utils.Homepagetest" tests="2" failures="0" timestamp="29 Dec 2020 11:53:24 GMT" time="50.199" errors="0">
  <testcase name="verified_search_Content" time="31.171" classname="utils.Homepagetest"/>
  <testcase name="verified_product" time="19.028" classname="utils.Homepagetest"/>
</testsuite> <!-- utils.Homepagetest -->
